2025-05-08 21:14:46,318 - __main__ - INFO - Using device: cpu
2025-05-08 21:14:51,766 - __main__ - INFO - BERT model loaded successfully
2025-05-08 21:14:59,018 - tensorflow - WARNING - From C:\Users\kaila\AppData\Local\Programs\Python\Python310\lib\site-packages\keras\src\backend\common\global_state.py:82: The name tf.reset_default_graph is deprecated. Please use tf.compat.v1.reset_default_graph instead.

2025-05-08 21:15:08,350 - __main__ - INFO - JSON file loaded successfully
2025-05-08 21:15:31,574 - __main__ - INFO - JSON file loaded successfully
2025-05-08 21:17:26,813 - __main__ - INFO - Using device: cpu
2025-05-08 21:17:43,145 - __main__ - INFO - BERT model loaded successfully
2025-05-08 21:17:50,422 - tensorflow - WARNING - From C:\Users\kaila\AppData\Local\Programs\Python\Python310\lib\site-packages\keras\src\backend\common\global_state.py:82: The name tf.reset_default_graph is deprecated. Please use tf.compat.v1.reset_default_graph instead.

2025-05-08 21:18:25,185 - __main__ - INFO - JSON file loaded successfully
2025-05-08 21:18:26,375 - __main__ - INFO - Wikipedia API call successful for query: quality 
2025-05-08 21:18:45,762 - __main__ - INFO - JSON file loaded successfully
2025-05-08 21:18:53,958 - __main__ - INFO - Wikipedia API call successful for query: hii
2025-05-08 21:27:31,936 - __main__ - INFO - Using device: cpu
2025-05-08 21:27:34,161 - __main__ - INFO - BERT model loaded successfully
2025-05-08 21:27:36,656 - tensorflow - WARNING - From C:\Users\kaila\AppData\Local\Programs\Python\Python310\lib\site-packages\keras\src\backend\common\global_state.py:82: The name tf.reset_default_graph is deprecated. Please use tf.compat.v1.reset_default_graph instead.

2025-05-08 21:27:45,274 - __main__ - INFO - JSON file loaded successfully
2025-05-08 21:27:45,276 - root - ERROR - Error in text preprocessing: 
**********************************************************************
  Resource [93mpunkt_tab[0m not found.
  Please use the NLTK Downloader to obtain the resource:

  [31m>>> import nltk
  >>> nltk.download('punkt_tab')
  [0m
  For more information see: https://www.nltk.org/data.html

  Attempted to load [93mtokenizers/punkt_tab/english/[0m

  Searched in:
    - 'C:\\Users\\kaila/nltk_data'
    - 'C:\\Users\\kaila\\AppData\\Local\\Programs\\Python\\Python310\\nltk_data'
    - 'C:\\Users\\kaila\\AppData\\Local\\Programs\\Python\\Python310\\share\\nltk_data'
    - 'C:\\Users\\kaila\\AppData\\Local\\Programs\\Python\\Python310\\lib\\nltk_data'
    - 'C:\\Users\\kaila\\AppData\\Roaming\\nltk_data'
    - 'C:\\nltk_data'
    - 'D:\\nltk_data'
    - 'E:\\nltk_data'
**********************************************************************

2025-05-08 21:27:46,573 - __main__ - INFO - Wikipedia API call successful for query: hii
2025-05-08 23:22:14,789 - __main__ - INFO - Using device: cpu
2025-05-08 23:22:16,666 - __main__ - INFO - BERT model loaded successfully
2025-05-08 23:22:37,244 - __main__ - INFO - JSON file loaded successfully
2025-05-08 23:22:37,246 - root - ERROR - Error in text preprocessing: 
**********************************************************************
  Resource [93mpunkt_tab[0m not found.
  Please use the NLTK Downloader to obtain the resource:

  [31m>>> import nltk
  >>> nltk.download('punkt_tab')
  [0m
  For more information see: https://www.nltk.org/data.html

  Attempted to load [93mtokenizers/punkt_tab/english/[0m

  Searched in:
    - 'C:\\Users\\kaila/nltk_data'
    - 'C:\\Users\\kaila\\AppData\\Local\\Programs\\Python\\Python310\\nltk_data'
    - 'C:\\Users\\kaila\\AppData\\Local\\Programs\\Python\\Python310\\share\\nltk_data'
    - 'C:\\Users\\kaila\\AppData\\Local\\Programs\\Python\\Python310\\lib\\nltk_data'
    - 'C:\\Users\\kaila\\AppData\\Roaming\\nltk_data'
    - 'C:\\nltk_data'
    - 'D:\\nltk_data'
    - 'E:\\nltk_data'
**********************************************************************

2025-05-08 23:22:38,828 - __main__ - WARNING - Wikipedia article not found for query: product development report
2025-05-16 22:25:59,416 - __main__ - ERROR - Failed to load BERT model: name 'torch' is not defined
2025-05-16 23:06:45,095 - __main__ - INFO - Using device: cpu
2025-05-16 23:06:50,832 - __main__ - INFO - BERT model loaded successfully
2025-05-16 23:09:55,365 - __main__ - INFO - Using device: cpu
2025-05-16 23:10:00,664 - __main__ - INFO - BERT model loaded successfully
2025-05-16 23:10:14,025 - __main__ - INFO - Using device: cpu
2025-05-16 23:10:18,990 - __main__ - INFO - BERT model loaded successfully
2025-05-16 23:10:23,239 - __main__ - INFO - Using device: cpu
2025-05-16 23:10:29,193 - __main__ - INFO - BERT model loaded successfully
2025-05-16 23:10:59,813 - __main__ - INFO - Using device: cpu
2025-05-16 23:10:59,839 - __main__ - INFO - Using device: cpu
2025-05-16 23:11:07,423 - __main__ - INFO - BERT model loaded successfully
2025-05-16 23:11:08,228 - __main__ - INFO - BERT model loaded successfully
2025-05-16 23:11:26,689 - __main__ - INFO - Using device: cpu
2025-05-16 23:11:31,535 - __main__ - INFO - BERT model loaded successfully
2025-05-16 23:11:37,314 - __main__ - INFO - Using device: cpu
2025-05-16 23:11:42,715 - __main__ - INFO - BERT model loaded successfully
2025-05-16 23:15:47,157 - __main__ - INFO - Using device: cpu
2025-05-16 23:15:52,741 - __main__ - INFO - BERT model loaded successfully
2025-05-16 23:16:24,148 - __main__ - INFO - Using device: cpu
2025-05-16 23:16:29,758 - __main__ - INFO - BERT model loaded successfully
2025-05-16 23:16:34,218 - __main__ - INFO - Using device: cpu
2025-05-16 23:16:34,430 - __main__ - INFO - Using device: cpu
2025-05-16 23:16:40,520 - __main__ - INFO - BERT model loaded successfully
2025-05-16 23:16:41,560 - __main__ - INFO - BERT model loaded successfully
2025-05-16 23:22:37,078 - __main__ - INFO - Using device: cpu
2025-05-16 23:29:24,165 - __main__ - INFO - Using device: cpu
2025-05-16 23:29:29,868 - __main__ - INFO - BERT model loaded successfully
2025-05-17 23:53:20,636 - __main__ - INFO - Using device: cpu
2025-05-17 23:53:22,935 - __main__ - INFO - BERT model loaded successfully
INFO:RL_GEN_AI:Created memory directory: D:\DRA\rl_memory
